<?xml version="1.0" encoding="UTF-8"?>
<!-- Generated by org.testng.reporters.JUnitXMLReporter -->
<testsuite ignored="2" hostname="LAPTOP-OEO62HDM" failures="0" tests="2" name="Test" time="3.408" errors="0" timestamp="2022-12-05T11:14:44 IST">
  <testcase classname="test.Test1" name="test1" time="1.963"/>
  <testcase classname="test.Test2" name="test2" time="1.176"/>
  <testcase classname="test.TestsTrial" name="@BeforeSuite setUp" time="0.0">
    <ignored/>
  </testcase> <!-- @BeforeSuite setUp -->
  <testcase classname="test.TestsTrial" name="@BeforeSuite setUp" time="0.0">
    <ignored/>
  </testcase> <!-- @BeforeSuite setUp -->
</testsuite> <!-- Test -->
